[2023-06-09T16:43:15.066Z] [info] [POST] [/api/auth/login/] [IP: ::1] [UserID: undefined] LOG_INFO:  {"email":"sophie.bluel@test.tld"}
[2023-06-09T16:43:26.136Z] [info] [POST] [/api/auth/login/] [IP: ::1] [UserID: undefined] LOG_INFO:  {"email":"sophie.bluel@test.tld"}
[2023-06-09T16:43:31.106Z] [info] [POST] [/api/auth/login/] [IP: ::1] [UserID: undefined] LOG_INFO:  {"email":"sophie.bluel@test.tld"}
[2023-06-09T17:36:18.710Z] [info] [POST] [/api/auth/login/] [IP: ::1] [UserID: undefined] LOG_INFO:  {"email":"sophie.bluel@test.tld"}
[2023-06-09T17:39:05.893Z] [info] [POST] [/api/auth/login/] [IP: ::1] [UserID: undefined] LOG_INFO:  {"email":"sophie.bluel@test.tld"}
[2023-06-09T17:40:24.200Z] [info] [POST] [/api/auth/login/] [IP: ::1] [UserID: undefined] LOG_INFO:  {"email":"sophie.bluel@test.tld"}
[2023-06-09T17:40:30.395Z] [info] [POST] [/api/auth/login/] [IP: ::1] [UserID: undefined] LOG_INFO:  {"email":"sophie.bluel@test.tld"}
[2023-06-09T17:42:41.086Z] [info] [POST] [/api/auth/login/] [IP: ::1] [UserID: undefined] LOG_INFO:  {"email":"sophie.bluel@test.tld"}
[2023-06-09T17:47:18.393Z] [info] [POST] [/api/auth/login/] [IP: ::1] [UserID: undefined] LOG_INFO:  {"email":"sophie.bluel@test.tld"}
[2023-06-09T17:53:02.704Z] [info] [POST] [/api/auth/login/] [IP: ::1] [UserID: undefined] LOG_INFO:  {"email":"sophie.bluel@test.tld"}
[2023-06-09T17:53:06.726Z] [info] [POST] [/api/auth/login/] [IP: ::1] [UserID: undefined] LOG_INFO:  {"email":"sophie.bluel@test.tld"}
[2023-06-09T17:57:58.417Z] [info] [POST] [/api/auth/login/] [IP: ::1] [UserID: undefined] LOG_INFO:  {"email":"sophie.bluel@test.tld"}
[2023-06-09T17:58:10.805Z] [info] [POST] [/api/auth/login/] [IP: ::1] [UserID: undefined] LOG_INFO:  {"email":"sophie.bluel@test.tld"}
[2023-06-09T17:58:15.766Z] [info] [POST] [/api/auth/login/] [IP: ::1] [UserID: undefined] LOG_INFO:  {"email":"sophie.bluel@test.tld"}
[2023-06-09T17:58:53.498Z] [info] [POST] [/api/auth/login/] [IP: ::1] [UserID: undefined] LOG_INFO:  {"email":"sophie.bluel@test.tld"}
[2023-06-09T17:59:01.552Z] [info] [POST] [/api/auth/login/] [IP: ::1] [UserID: undefined] LOG_INFO:  {"email":"sophie.bluel@test.tld"}
[2023-06-09T18:00:33.781Z] [info] [POST] [/api/auth/login/] [IP: ::1] [UserID: undefined] LOG_INFO:  {"email":"sophie.bluel@test.tld"}
[2023-06-09T18:03:21.177Z] [info] [POST] [/api/auth/login/] [IP: ::1] [UserID: undefined] LOG_INFO:  {"email":"sophie.bluel@test.tld"}
[2023-06-09T18:05:20.444Z] [info] [POST] [/api/auth/login/] [IP: ::1] [UserID: undefined] LOG_INFO:  {"email":"sophie.bluel@test.tld","_csrf":"RnjHEXifWUYIiiiwvynC57b8"}
[2023-06-09T18:05:25.664Z] [error] [undefined] [undefined] [IP: ::1] [UserID: undefined] LOG_Erreur: SyntaxError: Unexpected token R in JSON at position 86
    at JSON.parse (<anonymous>)
    at parse (/home/youcef/Bureau/Code/OPENCLASSROOM/Projet OC/Project-7/backend/node_modules/body-parser/lib/types/json.js:92:19)
    at /home/youcef/Bureau/Code/OPENCLASSROOM/Projet OC/Project-7/backend/node_modules/body-parser/lib/read.js:128:18
    at AsyncResource.runInAsyncScope (node:async_hooks:203:9)
    at invokeCallback (/home/youcef/Bureau/Code/OPENCLASSROOM/Projet OC/Project-7/backend/node_modules/raw-body/index.js:238:16)
    at done (/home/youcef/Bureau/Code/OPENCLASSROOM/Projet OC/Project-7/backend/node_modules/raw-body/index.js:227:7)
    at IncomingMessage.onEnd (/home/youcef/Bureau/Code/OPENCLASSROOM/Projet OC/Project-7/backend/node_modules/raw-body/index.js:287:7)
    at IncomingMessage.emit (node:events:513:28)
    at endReadableNT (node:internal/streams/readable:1359:12)
    at process.processTicksAndRejections (node:internal/process/task_queues:82:21) {}
[2023-06-09T18:06:57.663Z] [info] [POST] [/api/auth/login/] [IP: ::1] [UserID: undefined] LOG_INFO:  {"email":"sophie.bluel@test.tld","_csrf":"RnjHEXifWUYIiiiwvynC57b8"}
[2023-06-09T18:07:53.394Z] [info] [POST] [/api/auth/login/] [IP: ::1] [UserID: undefined] LOG_INFO:  {"email":"sophie.bluel@test.tld","_csrf":"RnjHEXifWUYIiiiwvynC57b8"}
[2023-06-09T18:08:09.339Z] [info] [POST] [/api/auth/login/] [IP: ::1] [UserID: undefined] LOG_INFO:  {"email":"sophie.bluel@test.tld","_csrf":"gmiajKO0Ju00woaOMCTR_vg1"}
[2023-06-09T18:09:36.439Z] [info] [POST] [/api/auth/login/] [IP: ::1] [UserID: undefined] LOG_INFO:  {"email":"sophie.bluel@test.tld"}
[2023-06-09T18:10:13.742Z] [info] [GET] [/api/auth/test] [IP: ::1] [UserID: undefined] LOG_INFO:  {}
